<?xml version="1.0" encoding="UTF-8"?>
<!-- Generated by org.testng.reporters.JUnitReportReporter -->
<testsuite hostname="DESKTOP-IDFH2E1" failures="0" tests="1" name="Basic.organizationsTest" time="21.962" errors="0" timestamp="2024-03-24T12:46:14 IST" skipped="0">
  <testcase classname="Basic.organizationsTest" name="CreateOrganizationsTest" time="21.962"/>
  <system-out/>
</testsuite> <!-- Basic.organizationsTest -->
