<?xml version="1.0" encoding="UTF-8"?>
<!-- Generated by org.testng.reporters.JUnitReportReporter -->
<testsuite hostname="DESKTOP-IDFH2E1" failures="0" tests="1" name="Basic.LeadsTest" time="16.956" errors="0" timestamp="2024-03-24T12:49:03 IST" skipped="0">
  <testcase classname="Basic.LeadsTest" name="CreateLeadsTest" time="16.956"/>
  <system-out/>
</testsuite> <!-- Basic.LeadsTest -->
