<?xml version="1.0" encoding="UTF-8"?>
<!-- Generated by org.testng.reporters.JUnitReportReporter -->
<testsuite hostname="DESKTOP-IDFH2E1" failures="0" tests="1" name="Basic.ContactactsTest" time="15.967" errors="0" timestamp="2024-03-23T09:47:56 IST" skipped="0">
  <testcase classname="Basic.ContactactsTest" name="CreateContactTest" time="15.967"/>
  <system-out/>
</testsuite> <!-- Basic.ContactactsTest -->
