<?xml version="1.0" encoding="UTF-8"?>
<!-- Generated by org.testng.reporters.JUnitReportReporter -->
<testsuite hostname="DESKTOP-IDFH2E1" failures="0" tests="1" name="Basic.organizationsTest" time="9.737" errors="0" timestamp="2024-03-22T11:21:05 IST" skipped="0">
  <testcase classname="Basic.organizationsTest" name="CreateOrganizationsTest" time="9.737"/>
  <system-out/>
</testsuite> <!-- Basic.organizationsTest -->
